<?xml version="1.0" encoding="UTF-8"?>
<testsuite xmlns:xsi="http://www.w3.org/2001/XMLSchema-instance" xsi:noNamespaceSchemaLocation="https://maven.apache.org/surefire/maven-surefire-plugin/xsd/surefire-test-report.xsd" version="3.0.2" name="com.GerenciamentoHP.integrationtest.controller.withjson.AuthControllerTest" time="20.119" tests="2" errors="0" skipped="0" failures="0">
  <properties>
[...]
</properties>
  <testcase name="signin" classname="com.GerenciamentoHP.integrationtest.controller.withjson.AuthControllerTest" time="1.282">
    <system-out><![CDATA[17:47:01.705 [main] INFO org.springframework.test.context.support.AnnotationConfigContextLoaderUtils -- Could not detect default configuration classes for test class [com.GerenciamentoHP.integrationtest.testcontainers.AbstractIntegrationTest]: AbstractIntegrationTest does not declare any static, non-private, non-final, nested classes annotated with @Configuration.
17:47:01.792 [main] INFO org.springframework.boot.test.context.SpringBootTestContextBootstrapper -- Found @SpringBootConfiguration com.GerenciamentoHP.GerenciamentoHospitalarApplication for test class com.GerenciamentoHP.integrationtest.controller.withjson.AuthControllerTest
17:47:01.929 [main] INFO org.testcontainers.images.PullPolicy -- Image pull policy will be performed by: DefaultPullPolicy()
17:47:01.931 [main] INFO org.testcontainers.utility.ImageNameSubstitutor -- Image name substitution will be performed by: DefaultImageNameSubstitutor (composite of 'ConfigurationFileImageNameSubstitutor' and 'PrefixingImageNameSubstitutor')
17:47:01.976 [main] INFO org.springframework.boot.devtools.restart.RestartApplicationListener -- Restart disabled due to context in which it is running

  .   ____          _            __ _ _
 /\\ / ___'_ __ _ _(_)_ __  __ _ \ \ \ \
( ( )\___ | '_ | '_| | '_ \/ _` | \ \ \ \
 \\/  ___)| |_)| | | | | || (_| |  ) ) ) )
  '  |____| .__|_| |_|_| |_\__, | / / / /
 =========|_|==============|___/=/_/_/_/

 :: Spring Boot ::                (v3.4.5)

2025-08-13T17:47:02.181-03:00  INFO 21108 --- [Gerenciamento Hospitalar] [ers-lifecycle-0] org.testcontainers.DockerClientFactory   : Testcontainers version: 1.20.6
2025-08-13T17:47:02.377-03:00  INFO 21108 --- [Gerenciamento Hospitalar] [ers-lifecycle-0] o.t.d.DockerClientProviderStrategy       : Loaded org.testcontainers.dockerclient.NpipeSocketClientProviderStrategy from ~/.testcontainers.properties, will try it first
2025-08-13T17:47:02.595-03:00  INFO 21108 --- [Gerenciamento Hospitalar] [ers-lifecycle-0] o.t.d.DockerClientProviderStrategy       : Found Docker environment with local Npipe socket (npipe:////./pipe/docker_engine)
2025-08-13T17:47:02.596-03:00  INFO 21108 --- [Gerenciamento Hospitalar] [ers-lifecycle-0] org.testcontainers.DockerClientFactory   : Docker host IP address is localhost
2025-08-13T17:47:02.618-03:00  INFO 21108 --- [Gerenciamento Hospitalar] [ers-lifecycle-0] org.testcontainers.DockerClientFactory   : Connected to docker: 
  Server Version: 28.1.1
  API Version: 1.49
  Operating System: Docker Desktop
  Total Memory: 7882 MB
  Labels: 
    com.docker.desktop.address=npipe://\\.\pipe\docker_cli
2025-08-13T17:47:02.637-03:00  INFO 21108 --- [Gerenciamento Hospitalar] [ers-lifecycle-0] tc.testcontainers/ryuk:0.11.0            : Creating container for image: testcontainers/ryuk:0.11.0
2025-08-13T17:47:02.810-03:00  INFO 21108 --- [Gerenciamento Hospitalar] [ers-lifecycle-0] tc.testcontainers/ryuk:0.11.0            : Container testcontainers/ryuk:0.11.0 is starting: 32478b11182f9ca9ead8d717516a3efb75a797741eb5bb8fd7e28d9787dccaa0
2025-08-13T17:47:03.118-03:00  INFO 21108 --- [Gerenciamento Hospitalar] [ers-lifecycle-0] tc.testcontainers/ryuk:0.11.0            : Container testcontainers/ryuk:0.11.0 started in PT0.4803183S
2025-08-13T17:47:03.123-03:00  INFO 21108 --- [Gerenciamento Hospitalar] [ers-lifecycle-0] o.t.utility.RyukResourceReaper           : Ryuk started - will monitor and terminate Testcontainers containers on JVM exit
2025-08-13T17:47:03.123-03:00  INFO 21108 --- [Gerenciamento Hospitalar] [ers-lifecycle-0] org.testcontainers.DockerClientFactory   : Checking the system...
2025-08-13T17:47:03.123-03:00  INFO 21108 --- [Gerenciamento Hospitalar] [ers-lifecycle-0] org.testcontainers.DockerClientFactory   : ✔︎ Docker server version should be at least 1.6.0
2025-08-13T17:47:03.126-03:00  INFO 21108 --- [Gerenciamento Hospitalar] [ers-lifecycle-0] tc.mysql:9.1.0                           : Creating container for image: mysql:9.1.0
2025-08-13T17:47:03.226-03:00  INFO 21108 --- [Gerenciamento Hospitalar] [ers-lifecycle-0] tc.mysql:9.1.0                           : Container mysql:9.1.0 is starting: 45e154760a2c12de8540fa47d063310b9da78826b118ee7e4045de3736dc749b
2025-08-13T17:47:03.512-03:00  INFO 21108 --- [Gerenciamento Hospitalar] [ers-lifecycle-0] tc.mysql:9.1.0                           : Waiting for database connection to become available at jdbc:mysql://localhost:60634/test using query 'SELECT 1'
2025-08-13T17:47:14.748-03:00  INFO 21108 --- [Gerenciamento Hospitalar] [ers-lifecycle-0] tc.mysql:9.1.0                           : Container mysql:9.1.0 started in PT11.6221883S
2025-08-13T17:47:14.748-03:00  INFO 21108 --- [Gerenciamento Hospitalar] [ers-lifecycle-0] tc.mysql:9.1.0                           : Container is started (JDBC URL: jdbc:mysql://localhost:60634/test)
2025-08-13T17:47:14.752-03:00  INFO 21108 --- [Gerenciamento Hospitalar] [           main] c.G.i.c.withjson.AuthControllerTest      : Starting AuthControllerTest using Java 21.0.6 with PID 21108 (started by Master Chief in C:\Users\Master Chief\Desktop\Java\Gerenciador-Hospitalar\Back-end)
2025-08-13T17:47:14.752-03:00  INFO 21108 --- [Gerenciamento Hospitalar] [           main] c.G.i.c.withjson.AuthControllerTest      : No active profile set, falling back to 1 default profile: "default"
2025-08-13T17:47:15.554-03:00  INFO 21108 --- [Gerenciamento Hospitalar] [           main] .s.d.r.c.RepositoryConfigurationDelegate : Bootstrapping Spring Data JPA repositories in DEFAULT mode.
2025-08-13T17:47:15.621-03:00  INFO 21108 --- [Gerenciamento Hospitalar] [           main] .s.d.r.c.RepositoryConfigurationDelegate : Finished Spring Data repository scanning in 60 ms. Found 5 JPA repository interfaces.
2025-08-13T17:47:16.219-03:00  INFO 21108 --- [Gerenciamento Hospitalar] [           main] o.s.b.w.embedded.tomcat.TomcatWebServer  : Tomcat initialized with port 8888 (http)
2025-08-13T17:47:16.232-03:00  INFO 21108 --- [Gerenciamento Hospitalar] [           main] o.apache.catalina.core.StandardService   : Starting service [Tomcat]
2025-08-13T17:47:16.232-03:00  INFO 21108 --- [Gerenciamento Hospitalar] [           main] o.apache.catalina.core.StandardEngine    : Starting Servlet engine: [Apache Tomcat/10.1.40]
2025-08-13T17:47:16.280-03:00  INFO 21108 --- [Gerenciamento Hospitalar] [           main] o.a.c.c.C.[Tomcat].[localhost].[/]       : Initializing Spring embedded WebApplicationContext
2025-08-13T17:47:16.281-03:00  INFO 21108 --- [Gerenciamento Hospitalar] [           main] w.s.c.ServletWebServerApplicationContext : Root WebApplicationContext: initialization completed in 1403 ms
2025-08-13T17:47:16.489-03:00  INFO 21108 --- [Gerenciamento Hospitalar] [           main] com.zaxxer.hikari.HikariDataSource       : HikariPool-1 - Starting...
2025-08-13T17:47:16.706-03:00  INFO 21108 --- [Gerenciamento Hospitalar] [           main] com.zaxxer.hikari.pool.HikariPool        : HikariPool-1 - Added connection com.mysql.cj.jdbc.ConnectionImpl@59c08cf1
2025-08-13T17:47:16.707-03:00  INFO 21108 --- [Gerenciamento Hospitalar] [           main] com.zaxxer.hikari.HikariDataSource       : HikariPool-1 - Start completed.
2025-08-13T17:47:16.743-03:00  INFO 21108 --- [Gerenciamento Hospitalar] [           main] org.flywaydb.core.FlywayExecutor         : Database: jdbc:mysql://localhost:60634/test (MySQL 9.1)
2025-08-13T17:47:17.099-03:00  WARN 21108 --- [Gerenciamento Hospitalar] [           main] o.f.c.internal.database.base.Database    : Flyway upgrade recommended: MySQL 9.1 is newer than this version of Flyway and support has not been tested. The latest supported version of MySQL is 8.1.
2025-08-13T17:47:17.127-03:00  INFO 21108 --- [Gerenciamento Hospitalar] [           main] o.f.c.i.s.JdbcTableSchemaHistory         : Schema history table `test`.`flyway_schema_history` does not exist yet
2025-08-13T17:47:17.131-03:00  INFO 21108 --- [Gerenciamento Hospitalar] [           main] o.f.core.internal.command.DbValidate     : Successfully validated 6 migrations (execution time 00:00.022s)
2025-08-13T17:47:17.157-03:00  INFO 21108 --- [Gerenciamento Hospitalar] [           main] o.f.c.i.s.JdbcTableSchemaHistory         : Creating Schema History table `test`.`flyway_schema_history` ...
2025-08-13T17:47:17.246-03:00  INFO 21108 --- [Gerenciamento Hospitalar] [           main] o.f.core.internal.command.DbMigrate      : Current version of schema `test`: << Empty Schema >>
2025-08-13T17:47:17.246-03:00  WARN 21108 --- [Gerenciamento Hospitalar] [           main] o.f.core.internal.command.DbMigrate      : outOfOrder mode is active. Migration of schema `test` may not be reproducible.
2025-08-13T17:47:17.253-03:00  INFO 21108 --- [Gerenciamento Hospitalar] [           main] o.f.core.internal.command.DbMigrate      : Migrating schema `test` to version "1 - Create Table Permission"
2025-08-13T17:47:17.278-03:00  WARN 21108 --- [Gerenciamento Hospitalar] [           main] o.f.c.i.s.DefaultSqlScriptExecutor       : DB: Integer display width is deprecated and will be removed in a future release. (SQL State: HY000 - Error Code: 1681)
2025-08-13T17:47:17.309-03:00  INFO 21108 --- [Gerenciamento Hospitalar] [           main] o.f.core.internal.command.DbMigrate      : Migrating schema `test` to version "2 - Insert Data In Permission"
2025-08-13T17:47:17.336-03:00  INFO 21108 --- [Gerenciamento Hospitalar] [           main] o.f.core.internal.command.DbMigrate      : Migrating schema `test` to version "3 - Create Table Users"
2025-08-13T17:47:17.362-03:00  WARN 21108 --- [Gerenciamento Hospitalar] [           main] o.f.c.i.s.DefaultSqlScriptExecutor       : DB: Integer display width is deprecated and will be removed in a future release. (SQL State: HY000 - Error Code: 1681)
2025-08-13T17:47:17.387-03:00  INFO 21108 --- [Gerenciamento Hospitalar] [           main] o.f.core.internal.command.DbMigrate      : Migrating schema `test` to version "4 - Insert Data In Users"
2025-08-13T17:47:17.414-03:00  INFO 21108 --- [Gerenciamento Hospitalar] [           main] o.f.core.internal.command.DbMigrate      : Migrating schema `test` to version "5 - Create Table User Permission"
2025-08-13T17:47:17.450-03:00  WARN 21108 --- [Gerenciamento Hospitalar] [           main] o.f.c.i.s.DefaultSqlScriptExecutor       : DB: Integer display width is deprecated and will be removed in a future release. (SQL State: HY000 - Error Code: 1681)
2025-08-13T17:47:17.450-03:00  WARN 21108 --- [Gerenciamento Hospitalar] [           main] o.f.c.i.s.DefaultSqlScriptExecutor       : DB: Integer display width is deprecated and will be removed in a future release. (SQL State: HY000 - Error Code: 1681)
2025-08-13T17:47:17.477-03:00  INFO 21108 --- [Gerenciamento Hospitalar] [           main] o.f.core.internal.command.DbMigrate      : Migrating schema `test` to version "6 - Insert Data In User Permission"
2025-08-13T17:47:17.504-03:00  INFO 21108 --- [Gerenciamento Hospitalar] [           main] o.f.core.internal.command.DbMigrate      : Successfully applied 6 migrations to schema `test`, now at version v6 (execution time 00:00.115s)
2025-08-13T17:47:17.593-03:00  INFO 21108 --- [Gerenciamento Hospitalar] [           main] o.hibernate.jpa.internal.util.LogHelper  : HHH000204: Processing PersistenceUnitInfo [name: default]
2025-08-13T17:47:17.649-03:00  INFO 21108 --- [Gerenciamento Hospitalar] [           main] org.hibernate.Version                    : HHH000412: Hibernate ORM core version 6.6.13.Final
2025-08-13T17:47:17.685-03:00  INFO 21108 --- [Gerenciamento Hospitalar] [           main] o.h.c.internal.RegionFactoryInitiator    : HHH000026: Second-level cache disabled
2025-08-13T17:47:17.914-03:00  INFO 21108 --- [Gerenciamento Hospitalar] [           main] o.s.o.j.p.SpringPersistenceUnitInfo      : No LoadTimeWeaver setup: ignoring JPA class transformer
2025-08-13T17:47:17.967-03:00  WARN 21108 --- [Gerenciamento Hospitalar] [           main] org.hibernate.orm.deprecation            : HHH90000025: MySQLDialect does not need to be specified explicitly using 'hibernate.dialect' (remove the property setting and it will be selected by default)
2025-08-13T17:47:17.978-03:00  INFO 21108 --- [Gerenciamento Hospitalar] [           main] org.hibernate.orm.connections.pooling    : HHH10001005: Database info:
	Database JDBC URL [Connecting through datasource 'HikariDataSource (HikariPool-1)']
	Database driver: undefined/unknown
	Database version: 9.1
	Autocommit mode: undefined/unknown
	Isolation level: undefined/unknown
	Minimum pool size: undefined/unknown
	Maximum pool size: undefined/unknown
2025-08-13T17:47:18.791-03:00  INFO 21108 --- [Gerenciamento Hospitalar] [           main] o.h.e.t.j.p.i.JtaPlatformInitiator       : HHH000489: No JTA platform available (set 'hibernate.transaction.jta.platform' to enable JTA platform integration)
Hibernate: create table tb_ficha_paciente (id bigint not null auto_increment, alta date, data_internacao date, diagnostico varchar(255) not null, fim_atendimento date, inicio_atendimento date, leito integer, obito date, observacao varchar(255), plano varchar(255), usoo2 varchar(255), paciente_perfil_atendimento bigint, setor_id bigint, primary key (id)) engine=InnoDB
Hibernate: create table tb_paciente_perfil (atendimento bigint not null auto_increment, data_cadastro date, data_nascimento date, nome varchar(255) not null, rg varchar(255) not null, ultima_consulta date, primary key (atendimento)) engine=InnoDB
Hibernate: create table tb_setor (id bigint not null auto_increment, nome varchar(255) not null, primary key (id)) engine=InnoDB
Hibernate: alter table tb_ficha_paciente add constraint FKmp3x68wttudv82969m33q9m8b foreign key (paciente_perfil_atendimento) references tb_paciente_perfil (atendimento)
Hibernate: alter table tb_ficha_paciente add constraint FKdgxe26cirv7297rt2r8md1vi3 foreign key (setor_id) references tb_setor (id)
2025-08-13T17:47:19.046-03:00  INFO 21108 --- [Gerenciamento Hospitalar] [           main] j.LocalContainerEntityManagerFactoryBean : Initialized JPA EntityManagerFactory for persistence unit 'default'
2025-08-13T17:47:19.259-03:00  INFO 21108 --- [Gerenciamento Hospitalar] [           main] o.s.d.j.r.query.QueryEnhancerFactory     : Hibernate is in classpath; If applicable, HQL parser will be used.
2025-08-13T17:47:19.668-03:00  INFO 21108 --- [Gerenciamento Hospitalar] [           main] r$InitializeUserDetailsManagerConfigurer : Global AuthenticationManager configured with UserDetailsService bean with name userService
2025-08-13T17:47:19.722-03:00  INFO 21108 --- [Gerenciamento Hospitalar] [           main] c.G.Services.FileStorageService          : Creating Directories
2025-08-13T17:47:19.800-03:00  WARN 21108 --- [Gerenciamento Hospitalar] [           main] JpaBaseConfiguration$JpaWebConfiguration : spring.jpa.open-in-view is enabled by default. Therefore, database queries may be performed during view rendering. Explicitly configure spring.jpa.open-in-view to disable this warning
2025-08-13T17:47:20.346-03:00  INFO 21108 --- [Gerenciamento Hospitalar] [           main] o.s.b.w.embedded.tomcat.TomcatWebServer  : Tomcat started on port 8888 (http) with context path '/'
2025-08-13T17:47:20.352-03:00  INFO 21108 --- [Gerenciamento Hospitalar] [           main] c.G.i.c.withjson.AuthControllerTest      : Started AuthControllerTest in 18.385 seconds (process running for 19.172)
]]></system-out>
    <system-err><![CDATA[Mockito is currently self-attaching to enable the inline-mock-maker. This will no longer work in future releases of the JDK. Please add Mockito as an agent to your build what is described in Mockito's documentation: https://javadoc.io/doc/org.mockito/mockito-core/latest/org/mockito/Mockito.html#0.3
WARNING: A Java agent has been loaded dynamically (C:\Users\Master Chief\.m2\repository\net\bytebuddy\byte-buddy-agent\1.15.11\byte-buddy-agent-1.15.11.jar)
WARNING: If a serviceability tool is in use, please run with -XX:+EnableDynamicAgentLoading to hide this warning
WARNING: If a serviceability tool is not in use, please run with -Djdk.instrument.traceUsage for more information
WARNING: Dynamic loading of agents will be disallowed by default in a future release
]]></system-err>
  </testcase>
  <testcase name="refreshToken" classname="com.GerenciamentoHP.integrationtest.controller.withjson.AuthControllerTest" time="0.074"/>
</testsuite>